<?xml version="1.0" encoding="UTF-8"?>
<!-- Generated by org.testng.reporters.JUnitReportReporter -->
<testsuite hostname="CARI-HLT025" failures="0" tests="1" name="com.aqua.testcases.LoginTest" time="27.331" errors="0" timestamp="22 Aug 2022 05:01:02 GMT" skipped="0">
  <testcase classname="com.aqua.testcases.LoginTest" name="loginPageTest" time="27.331"/>
</testsuite> <!-- com.aqua.testcases.LoginTest -->
